Using pre-set license

 COMMAND LINE ARGUMENTS:
/Applications/Unity/Hub/Editor/2020.3.5f1/Unity.app/Contents/MacOS/Unity
-adb2
-batchMode
-noUpm
-name
AssetImportWorker0
-projectPath
/Users/ashirqureshi/Projects/TileVania
-logFile
Logs/AssetImportWorker0.log
-srvPort
49381
Successfully changed project path to: /Users/ashirqureshi/Projects/TileVania
/Users/ashirqureshi/Projects/TileVania
Using Asset Import Pipeline V2.
Refreshing native plugins compatible for Editor in 32.22 ms, found 2 plugins.
Preloading 0 native plugins for Editor in 0.00 ms.
Initialize engine version: 2020.3.5f1 (8095aa901b9b)
[Subsystems] Discovering subsystems at path /Applications/Unity/Hub/Editor/2020.3.5f1/Unity.app/Contents/Resources/UnitySubsystems
[Subsystems] Discovering subsystems at path /Users/ashirqureshi/Projects/TileVania/Assets
GfxDevice: creating device client; threaded=0
2021-06-14 22:00:32.413 Unity[1049:12674] (null) preferred device: Apple M1 (high power)
2021-06-14 22:00:32.413 Unity[1049:12674] Metal devices available: 1
2021-06-14 22:00:32.413 Unity[1049:12674] 0: Apple M1 (high power)
2021-06-14 22:00:32.414 Unity[1049:12674] Using device Apple M1 (high power)
Initializing Metal device caps: Apple M1
Initialize mono
Mono path[0] = '/Applications/Unity/Hub/Editor/2020.3.5f1/Unity.app/Contents/Managed'
Mono path[1] = '/Applications/Unity/Hub/Editor/2020.3.5f1/Unity.app/Contents/MonoBleedingEdge/lib/mono/unityjit'
Mono config path = '/Applications/Unity/Hub/Editor/2020.3.5f1/Unity.app/Contents/MonoBleedingEdge/etc'
Using monoOptions --debugger-agent=transport=dt_socket,embedding=1,server=y,suspend=n,address=127.0.0.1:56049
Begin MonoManager ReloadAssembly
Registering precompiled unity dll's ...
Register platform support module: /Applications/Unity/Hub/Editor/2020.3.5f1/PlaybackEngines/WebGLSupport/UnityEditor.WebGL.Extensions.dll
Register platform support module: /Applications/Unity/Hub/Editor/2020.3.5f1/Unity.app/Contents/PlaybackEngines/MacStandaloneSupport/UnityEditor.OSXStandalone.Extensions.dll
Registered in 0.000453 seconds.
Native extension for OSXStandalone target not found
Native extension for WebGL target not found
Refreshing native plugins compatible for Editor in 36.38 ms, found 2 plugins.
Preloading 0 native plugins for Editor in 0.00 ms.
Mono: successfully reloaded assembly
- Completed reload, in  2.188 seconds
Platform modules already initialized, skipping
Registering precompiled user dll's ...
Registered in 0.000333 seconds.
Begin MonoManager ReloadAssembly
Native extension for OSXStandalone target not found
Native extension for WebGL target not found
Refreshing native plugins compatible for Editor in 34.62 ms, found 2 plugins.
Preloading 0 native plugins for Editor in 0.00 ms.
Mono: successfully reloaded assembly
- Completed reload, in  1.940 seconds
Platform modules already initialized, skipping
========================================================================
Worker process is ready to serve import requests
Launching external process: /Applications/Unity/Hub/Editor/2020.3.5f1/Unity.app/Contents/Tools/UnityShaderCompiler
Launched and connected shader compiler UnityShaderCompiler after 0.02 seconds
Refreshing native plugins compatible for Editor in 0.27 ms, found 2 plugins.
Preloading 0 native plugins for Editor in 0.00 ms.
Unloading 1808 Unused Serialized files (Serialized files now loaded: 0)
System memory in use before: 146.5 MB.
System memory in use after: 146.5 MB.

Unloading 24 unused Assets to reduce memory usage. Loaded Objects now: 2250.
Total: 1.510834 ms (FindLiveObjects: 0.141750 ms CreateObjectMapping: 0.037584 ms MarkObjects: 1.209417 ms  DeleteObjects: 0.121000 ms)

========================================================================
Received Import Request.
  path: Assets/Scenes/SPA_Background brown tint.png
  artifactKey: Guid(22fa2bb1074a24c3c8ee9713426aba3f) Importer(815301076,1909f56bfc062723c751e8b465ee728b)
Start importing Assets/Scenes/SPA_Background brown tint.png using Guid(22fa2bb1074a24c3c8ee9713426aba3f) Importer(815301076,1909f56bfc062723c751e8b465ee728b)  -> (artifact id: 'da89c8e3cc5ede99b775c963f1679ecb') in 0.597900 seconds
  Import took 0.600806 seconds .

========================================================================
Received Import Request.
  Time since last request: 14.755766 seconds.
  path: Assets/Scenes/SPA_Background brown tint.png
  artifactKey: Guid(22fa2bb1074a24c3c8ee9713426aba3f) Importer(815301076,1909f56bfc062723c751e8b465ee728b)
Start importing Assets/Scenes/SPA_Background brown tint.png using Guid(22fa2bb1074a24c3c8ee9713426aba3f) Importer(815301076,1909f56bfc062723c751e8b465ee728b)  -> (artifact id: '19ecde25e8beee2c2f643a93eecb436a') in 0.031654 seconds
  Import took 0.034081 seconds .

========================================================================
Received Import Request.
  Time since last request: 31.620024 seconds.
  path: Assets/Scenes/SPA_Rock_Grass_Water.png
  artifactKey: Guid(db4b0b8aebe8141acb255b2bf6e59e45) Importer(815301076,1909f56bfc062723c751e8b465ee728b)
Start importing Assets/Scenes/SPA_Rock_Grass_Water.png using Guid(db4b0b8aebe8141acb255b2bf6e59e45) Importer(815301076,1909f56bfc062723c751e8b465ee728b)  -> (artifact id: '5a1a23a0d2d9201ba63bccc3bba37038') in 0.052671 seconds
  Import took 0.055349 seconds .

========================================================================
Received Import Request.
  Time since last request: 86.389865 seconds.
  path: Assets/Scenes/Sprites & Tiles
  artifactKey: Guid(7d75085a70c634919a82fbfa6f965638) Importer(815301076,1909f56bfc062723c751e8b465ee728b)
Start importing Assets/Scenes/Sprites & Tiles using Guid(7d75085a70c634919a82fbfa6f965638) Importer(815301076,1909f56bfc062723c751e8b465ee728b)  -> (artifact id: '1b083c2ad12e7ee409b9196dbd26b294') in 0.001069 seconds
  Import took 0.003546 seconds .

========================================================================
Received Import Request.
  Time since last request: 33.407919 seconds.
  path: Assets/Sprites & Tiles/Tiles
  artifactKey: Guid(9447b97b39ee149ceacc0db86b6b1322) Importer(815301076,1909f56bfc062723c751e8b465ee728b)
Start importing Assets/Sprites & Tiles/Tiles using Guid(9447b97b39ee149ceacc0db86b6b1322) Importer(815301076,1909f56bfc062723c751e8b465ee728b)  -> (artifact id: 'e6ee4f5a530ca857cbe8ac3f7959cf37') in 0.001147 seconds
  Import took 0.004395 seconds .

========================================================================
Received Import Request.
  Time since last request: 855.041394 seconds.
  path: Assets/Sprites & Tiles/Tiles/Manual Tiles.prefab
  artifactKey: Guid(c1399a35168524adf8eb89bbf4d630b5) Importer(815301076,1909f56bfc062723c751e8b465ee728b)
Start importing Assets/Sprites & Tiles/Tiles/Manual Tiles.prefab using Guid(c1399a35168524adf8eb89bbf4d630b5) Importer(815301076,1909f56bfc062723c751e8b465ee728b)  -> (artifact id: '35afb73e57edde7c934257d5b86584fd') in 0.511577 seconds
  Import took 0.514345 seconds .

========================================================================
Received Import Request.
  Time since last request: 34.212502 seconds.
  path: Assets/Sprites & Tiles/Tiles/Manual Tiles.prefab
  artifactKey: Guid(c1399a35168524adf8eb89bbf4d630b5) Importer(815301076,1909f56bfc062723c751e8b465ee728b)
Start importing Assets/Sprites & Tiles/Tiles/Manual Tiles.prefab using Guid(c1399a35168524adf8eb89bbf4d630b5) Importer(815301076,1909f56bfc062723c751e8b465ee728b)  -> (artifact id: '595954a5247f4d1cdac3472d4f60bde9') in 0.004980 seconds
  Import took 0.008041 seconds .

========================================================================
Received Import Request.
  Time since last request: 0.000310 seconds.
  path: Assets/Sprites & Tiles/Tiles/SPA_Background brown tint_4.asset
  artifactKey: Guid(f5bf79cace6ce4871ab67010adc9e610) Importer(815301076,1909f56bfc062723c751e8b465ee728b)
Start importing Assets/Sprites & Tiles/Tiles/SPA_Background brown tint_4.asset using Guid(f5bf79cace6ce4871ab67010adc9e610) Importer(815301076,1909f56bfc062723c751e8b465ee728b)  -> (artifact id: '522d2517de6bd1df7bc72af3860399eb') in 0.212704 seconds
  Import took 0.215147 seconds .

========================================================================
Received Import Request.
  Time since last request: 0.000270 seconds.
  path: Assets/Sprites & Tiles/Tiles/SPA_Background brown tint_0.asset
  artifactKey: Guid(bd149dd2a0f4f4c219b800b5ebbd9066) Importer(815301076,1909f56bfc062723c751e8b465ee728b)
Start importing Assets/Sprites & Tiles/Tiles/SPA_Background brown tint_0.asset using Guid(bd149dd2a0f4f4c219b800b5ebbd9066) Importer(815301076,1909f56bfc062723c751e8b465ee728b)  -> (artifact id: '35a4bd8c82570dc9264a93393ca3a28d') in 0.005099 seconds
  Import took 0.007268 seconds .

========================================================================
Received Import Request.
  Time since last request: 0.000318 seconds.
  path: Assets/Sprites & Tiles/Tiles/SPA_Background brown tint_6.asset
  artifactKey: Guid(c9ddcc825db0a4d66b62ec894705260f) Importer(815301076,1909f56bfc062723c751e8b465ee728b)
Start importing Assets/Sprites & Tiles/Tiles/SPA_Background brown tint_6.asset using Guid(c9ddcc825db0a4d66b62ec894705260f) Importer(815301076,1909f56bfc062723c751e8b465ee728b)  -> (artifact id: '068750ee47e9f6de00c42f5e862515d2') in 0.004349 seconds
  Import took 0.006594 seconds .

========================================================================
Received Import Request.
  Time since last request: 0.000259 seconds.
  path: Assets/Sprites & Tiles/Tiles/SPA_Background brown tint_1.asset
  artifactKey: Guid(0af6268e8e7ad4619a14f5cca76626bb) Importer(815301076,1909f56bfc062723c751e8b465ee728b)
Start importing Assets/Sprites & Tiles/Tiles/SPA_Background brown tint_1.asset using Guid(0af6268e8e7ad4619a14f5cca76626bb) Importer(815301076,1909f56bfc062723c751e8b465ee728b)  -> (artifact id: '5390fc9f79e558975b7e6b3b814ed2da') in 0.004498 seconds
  Import took 0.006681 seconds .

========================================================================
Received Import Request.
  Time since last request: 0.000348 seconds.
  path: Assets/Sprites & Tiles/Tiles/SPA_Background brown tint_10.asset
  artifactKey: Guid(810b9e68ad45e4937bc82aa2566e3f1d) Importer(815301076,1909f56bfc062723c751e8b465ee728b)
Start importing Assets/Sprites & Tiles/Tiles/SPA_Background brown tint_10.asset using Guid(810b9e68ad45e4937bc82aa2566e3f1d) Importer(815301076,1909f56bfc062723c751e8b465ee728b)  -> (artifact id: '1e3d80ce264b70aa0f97e12ad4fb01c2') in 0.004715 seconds
  Import took 0.007131 seconds .

========================================================================
Received Import Request.
  Time since last request: 0.000195 seconds.
  path: Assets/Sprites & Tiles/Tiles/SPA_Background brown tint_12.asset
  artifactKey: Guid(f2d49cfecc92b426da6ecca5b5e96f03) Importer(815301076,1909f56bfc062723c751e8b465ee728b)
Start importing Assets/Sprites & Tiles/Tiles/SPA_Background brown tint_12.asset using Guid(f2d49cfecc92b426da6ecca5b5e96f03) Importer(815301076,1909f56bfc062723c751e8b465ee728b)  -> (artifact id: '3a48adabe101e23a92e122caa2d77171') in 0.004405 seconds
  Import took 0.006888 seconds .

========================================================================
Received Import Request.
  Time since last request: 0.000297 seconds.
  path: Assets/Sprites & Tiles/Tiles/SPA_Background brown tint_11.asset
  artifactKey: Guid(15b3967e337514e81899913d758fc51b) Importer(815301076,1909f56bfc062723c751e8b465ee728b)
Start importing Assets/Sprites & Tiles/Tiles/SPA_Background brown tint_11.asset using Guid(15b3967e337514e81899913d758fc51b) Importer(815301076,1909f56bfc062723c751e8b465ee728b)  -> (artifact id: '14a94e750dff9c10000e3efdee6742f6') in 0.004285 seconds
  Import took 0.006691 seconds .

========================================================================
Received Import Request.
  Time since last request: 0.000232 seconds.
  path: Assets/Sprites & Tiles/Tiles/SPA_Background brown tint_9.asset
  artifactKey: Guid(5b7115f56523649cbb22fb118c06c4d6) Importer(815301076,1909f56bfc062723c751e8b465ee728b)
Start importing Assets/Sprites & Tiles/Tiles/SPA_Background brown tint_9.asset using Guid(5b7115f56523649cbb22fb118c06c4d6) Importer(815301076,1909f56bfc062723c751e8b465ee728b)  -> (artifact id: 'eb5f4309c24a7f43bce1c9851175f484') in 0.004897 seconds
  Import took 0.007123 seconds .

========================================================================
Received Import Request.
  Time since last request: 0.000280 seconds.
  path: Assets/Sprites & Tiles/Tiles/SPA_Background brown tint_7.asset
  artifactKey: Guid(9fca43be0c7c54308b400008dd27b3b3) Importer(815301076,1909f56bfc062723c751e8b465ee728b)
Start importing Assets/Sprites & Tiles/Tiles/SPA_Background brown tint_7.asset using Guid(9fca43be0c7c54308b400008dd27b3b3) Importer(815301076,1909f56bfc062723c751e8b465ee728b)  -> (artifact id: 'dbf301efc518aa1dab3f2203953f761c') in 0.004451 seconds
  Import took 0.006543 seconds .

========================================================================
Received Import Request.
  Time since last request: 0.000326 seconds.
  path: Assets/Sprites & Tiles/Tiles/SPA_Background brown tint_2.asset
  artifactKey: Guid(e731c8d64cf2d41088f6fbd01f847cd0) Importer(815301076,1909f56bfc062723c751e8b465ee728b)
Start importing Assets/Sprites & Tiles/Tiles/SPA_Background brown tint_2.asset using Guid(e731c8d64cf2d41088f6fbd01f847cd0) Importer(815301076,1909f56bfc062723c751e8b465ee728b)  -> (artifact id: '46ed05853bdb6dba6d7eaaaf3d0d0923') in 0.004168 seconds
  Import took 0.006232 seconds .

========================================================================
Received Import Request.
  Time since last request: 0.000238 seconds.
  path: Assets/Sprites & Tiles/Tiles/SPA_Background brown tint_13.asset
  artifactKey: Guid(71b4cfdb3bb7940a198c00e2d3f6c21b) Importer(815301076,1909f56bfc062723c751e8b465ee728b)
Start importing Assets/Sprites & Tiles/Tiles/SPA_Background brown tint_13.asset using Guid(71b4cfdb3bb7940a198c00e2d3f6c21b) Importer(815301076,1909f56bfc062723c751e8b465ee728b)  -> (artifact id: '68357bd59909e4163937ed08fd61ce82') in 0.004489 seconds
  Import took 0.006492 seconds .

========================================================================
Received Import Request.
  Time since last request: 0.000257 seconds.
  path: Assets/Sprites & Tiles/Tiles/SPA_Background brown tint_15.asset
  artifactKey: Guid(d73cd29ca07444b21bfdbaa48ba4ec3f) Importer(815301076,1909f56bfc062723c751e8b465ee728b)
Start importing Assets/Sprites & Tiles/Tiles/SPA_Background brown tint_15.asset using Guid(d73cd29ca07444b21bfdbaa48ba4ec3f) Importer(815301076,1909f56bfc062723c751e8b465ee728b)  -> (artifact id: 'c8e2698081413b9434a10710c2e35d12') in 0.004053 seconds
  Import took 0.005996 seconds .

========================================================================
Received Import Request.
  Time since last request: 0.000275 seconds.
  path: Assets/Sprites & Tiles/Tiles/SPA_Background brown tint_5.asset
  artifactKey: Guid(d0b7b8176a0ba44399e9d5d755718a28) Importer(815301076,1909f56bfc062723c751e8b465ee728b)
Start importing Assets/Sprites & Tiles/Tiles/SPA_Background brown tint_5.asset using Guid(d0b7b8176a0ba44399e9d5d755718a28) Importer(815301076,1909f56bfc062723c751e8b465ee728b)  -> (artifact id: 'e6628074c130707304bdf26a17809386') in 0.003913 seconds
  Import took 0.005855 seconds .

========================================================================
Received Import Request.
  Time since last request: 0.000230 seconds.
  path: Assets/Sprites & Tiles/Tiles/SPA_Background brown tint_8.asset
  artifactKey: Guid(b37585c96e0ee4797b7d43d1cec8c4e1) Importer(815301076,1909f56bfc062723c751e8b465ee728b)
Start importing Assets/Sprites & Tiles/Tiles/SPA_Background brown tint_8.asset using Guid(b37585c96e0ee4797b7d43d1cec8c4e1) Importer(815301076,1909f56bfc062723c751e8b465ee728b)  -> (artifact id: 'c8a7fbd46e9ed6e48688ea888cda077a') in 0.004161 seconds
  Import took 0.006264 seconds .

========================================================================
Received Import Request.
  Time since last request: 0.000146 seconds.
  path: Assets/Sprites & Tiles/Tiles/SPA_Background brown tint_3.asset
  artifactKey: Guid(78ce941b9917641a5a7cdfa049c008c4) Importer(815301076,1909f56bfc062723c751e8b465ee728b)
Start importing Assets/Sprites & Tiles/Tiles/SPA_Background brown tint_3.asset using Guid(78ce941b9917641a5a7cdfa049c008c4) Importer(815301076,1909f56bfc062723c751e8b465ee728b)  -> (artifact id: 'e71a04a689393722aa6ddd3b3cdda8fa') in 0.004121 seconds
  Import took 0.006138 seconds .

========================================================================
Received Import Request.
  Time since last request: 0.000295 seconds.
  path: Assets/Sprites & Tiles/Tiles/SPA_Background brown tint_14.asset
  artifactKey: Guid(f2c219fc618d04c8db80731f52e6b5ef) Importer(815301076,1909f56bfc062723c751e8b465ee728b)
Start importing Assets/Sprites & Tiles/Tiles/SPA_Background brown tint_14.asset using Guid(f2c219fc618d04c8db80731f52e6b5ef) Importer(815301076,1909f56bfc062723c751e8b465ee728b)  -> (artifact id: '9f9bfedde0f684111f487d7805f28527') in 0.004060 seconds
  Import took 0.006127 seconds .

========================================================================
Received Import Request.
  Time since last request: 60.654672 seconds.
  path: Assets/Sprites & Tiles/SPA_Background brown tint.png
  artifactKey: Guid(22fa2bb1074a24c3c8ee9713426aba3f) Importer(815301076,1909f56bfc062723c751e8b465ee728b)
Start importing Assets/Sprites & Tiles/SPA_Background brown tint.png using Guid(22fa2bb1074a24c3c8ee9713426aba3f) Importer(815301076,1909f56bfc062723c751e8b465ee728b)  -> (artifact id: '20939f22666ec7eb6fa4ab26d9f9c52f') in 0.032608 seconds
  Import took 0.035160 seconds .

========================================================================
Received Import Request.
  Time since last request: 10.454944 seconds.
  path: Assets/Sprites & Tiles/SPA_Rock_Grass_Water.png
  artifactKey: Guid(db4b0b8aebe8141acb255b2bf6e59e45) Importer(815301076,1909f56bfc062723c751e8b465ee728b)
Start importing Assets/Sprites & Tiles/SPA_Rock_Grass_Water.png using Guid(db4b0b8aebe8141acb255b2bf6e59e45) Importer(815301076,1909f56bfc062723c751e8b465ee728b)  -> (artifact id: '581f2ab5327944087824060f6c44dd7a') in 0.058179 seconds
  Import took 0.060801 seconds .

========================================================================
Received Import Request.
  Time since last request: 228.319761 seconds.
  path: ProjectSettings/TagManager.asset
  artifactKey: Guid(00000000000000003000000000000000) Importer(815301076,1909f56bfc062723c751e8b465ee728b)
Start importing ProjectSettings/TagManager.asset using Guid(00000000000000003000000000000000) Importer(815301076,1909f56bfc062723c751e8b465ee728b)  -> (artifact id: '1c037ca2c5e51484f479ce63818a6327') in 0.001977 seconds
  Import took 0.005521 seconds .

========================================================================
Received Import Request.
  Time since last request: 0.001834 seconds.
  path: ProjectSettings/TagManager.asset
  artifactKey: Guid(00000000000000003000000000000000) Importer(815301076,1909f56bfc062723c751e8b465ee728b)
Start importing ProjectSettings/TagManager.asset using Guid(00000000000000003000000000000000) Importer(815301076,1909f56bfc062723c751e8b465ee728b)  -> (artifact id: '1c037ca2c5e51484f479ce63818a6327') in 0.001477 seconds
  Import took 0.004671 seconds .

